<?xml version="1.0" encoding="UTF-8"?>
<testng-results ignored="0" total="6" passed="4" failed="2" skipped="0">
  <reporter-output>
  </reporter-output>
  <suite started-at="2022-03-27T21:08:51 IST" name="Suite" finished-at="2022-03-27T21:09:38 IST" duration-ms="47442">
    <groups>
    </groups>
    <test started-at="2022-03-27T21:08:51 IST" name="chromeTest" finished-at="2022-03-27T21:09:11 IST" duration-ms="20100">
      <class name="testPack.VerifyHeaderTabs">
        <test-method is-config="true" signature="launchBrowser(java.lang.String)[pri:0, instance:testPack.VerifyHeaderTabs@7fee8714]" started-at="2022-03-27T21:08:51 IST" name="launchBrowser" finished-at="2022-03-27T21:08:54 IST" duration-ms="2628" status="PASS">
          <params>
            <param index="0">
              <value>
                <![CDATA[chrome]]>
              </value>
            </param>
          </params>
          <reporter-output>
          </reporter-output>
        </test-method> <!-- launchBrowser -->
        <test-method is-config="true" signature="createObjectOfPOM()[pri:0, instance:testPack.VerifyHeaderTabs@7fee8714]" started-at="2022-03-27T21:08:55 IST" name="createObjectOfPOM" finished-at="2022-03-27T21:08:55 IST" duration-ms="73" status="PASS">
          <reporter-output>
          </reporter-output>
        </test-method> <!-- createObjectOfPOM -->
        <test-method is-config="true" signature="logInToApplication()[pri:0, instance:testPack.VerifyHeaderTabs@7fee8714]" started-at="2022-03-27T21:08:55 IST" name="logInToApplication" finished-at="2022-03-27T21:08:59 IST" duration-ms="3847" status="PASS">
          <reporter-output>
          </reporter-output>
        </test-method> <!-- logInToApplication -->
        <test-method signature="verifyTaskTab()[pri:0, instance:testPack.VerifyHeaderTabs@7fee8714]" started-at="2022-03-27T21:08:59 IST" name="verifyTaskTab" finished-at="2022-03-27T21:09:06 IST" duration-ms="6653" status="PASS">
          <reporter-output>
          </reporter-output>
        </test-method> <!-- verifyTaskTab -->
        <test-method is-config="true" signature="takeScreenshotForFailedTest(org.testng.ITestResult)[pri:0, instance:testPack.VerifyHeaderTabs@7fee8714]" started-at="2022-03-27T21:09:06 IST" name="takeScreenshotForFailedTest" finished-at="2022-03-27T21:09:06 IST" duration-ms="397" status="PASS">
          <params>
            <param index="0">
              <value>
                <![CDATA[[TestResult name=verifyTaskTab status=SUCCESS method=VerifyHeaderTabs.verifyTaskTab()[pri:0, instance:testPack.VerifyHeaderTabs@7fee8714] output={null}]]]>
              </value>
            </param>
          </params>
          <reporter-output>
          </reporter-output>
        </test-method> <!-- takeScreenshotForFailedTest -->
        <test-method is-config="true" signature="logInToApplication()[pri:0, instance:testPack.VerifyHeaderTabs@7fee8714]" started-at="2022-03-27T21:09:06 IST" name="logInToApplication" finished-at="2022-03-27T21:09:07 IST" duration-ms="855" status="PASS">
          <reporter-output>
          </reporter-output>
        </test-method> <!-- logInToApplication -->
        <test-method signature="verifyTimeTrackTab()[pri:0, instance:testPack.VerifyHeaderTabs@7fee8714]" started-at="2022-03-27T21:09:07 IST" name="verifyTimeTrackTab" finished-at="2022-03-27T21:09:07 IST" duration-ms="674" status="FAIL">
          <exception class="java.lang.AssertionError">
            <message>
              <![CDATA[expected [http://localhost/user/submit_tt.] but found [http://localhost/user/submit_tt.do]]]>
            </message>
            <full-stacktrace>
              <![CDATA[java.lang.AssertionError: expected [http://localhost/user/submit_tt.] but found [http://localhost/user/submit_tt.do]
at org.testng.Assert.fail(Assert.java:99)
at org.testng.Assert.failNotEquals(Assert.java:1037)
at org.testng.Assert.assertEqualsImpl(Assert.java:140)
at org.testng.Assert.assertEquals(Assert.java:122)
at org.testng.Assert.assertEquals(Assert.java:629)
at org.testng.Assert.assertEquals(Assert.java:639)
at testPack.VerifyHeaderTabs.verifyTimeTrackTab(VerifyHeaderTabs.java:96)
at java.base/jdk.internal.reflect.NativeMethodAccessorImpl.invoke0(Native Method)
at java.base/jdk.internal.reflect.NativeMethodAccessorImpl.invoke(NativeMethodAccessorImpl.java:77)
at java.base/jdk.internal.reflect.DelegatingMethodAccessorImpl.invoke(DelegatingMethodAccessorImpl.java:43)
at java.base/java.lang.reflect.Method.invoke(Method.java:568)
at org.testng.internal.MethodInvocationHelper.invokeMethod(MethodInvocationHelper.java:133)
at org.testng.internal.TestInvoker.invokeMethod(TestInvoker.java:598)
at org.testng.internal.TestInvoker.invokeTestMethod(TestInvoker.java:173)
at org.testng.internal.MethodRunner.runInSequence(MethodRunner.java:46)
at org.testng.internal.TestInvoker$MethodInvocationAgent.invoke(TestInvoker.java:824)
at org.testng.internal.TestInvoker.invokeTestMethods(TestInvoker.java:146)
at org.testng.internal.TestMethodWorker.invokeTestMethods(TestMethodWorker.java:146)
at org.testng.internal.TestMethodWorker.run(TestMethodWorker.java:128)
at java.base/java.util.concurrent.ThreadPoolExecutor.runWorker(ThreadPoolExecutor.java:1136)
at java.base/java.util.concurrent.ThreadPoolExecutor$Worker.run(ThreadPoolExecutor.java:635)
at java.base/java.lang.Thread.run(Thread.java:833)
]]>
            </full-stacktrace>
          </exception> <!-- java.lang.AssertionError -->
          <reporter-output>
          </reporter-output>
        </test-method> <!-- verifyTimeTrackTab -->
        <test-method is-config="true" signature="takeScreenshotForFailedTest(org.testng.ITestResult)[pri:0, instance:testPack.VerifyHeaderTabs@7fee8714]" started-at="2022-03-27T21:09:07 IST" name="takeScreenshotForFailedTest" finished-at="2022-03-27T21:09:08 IST" duration-ms="940" status="PASS">
          <params>
            <param index="0">
              <value>
                <![CDATA[[TestResult name=verifyTimeTrackTab status=FAILURE method=VerifyHeaderTabs.verifyTimeTrackTab()[pri:0, instance:testPack.VerifyHeaderTabs@7fee8714] output={null}]]]>
              </value>
            </param>
          </params>
          <reporter-output>
          </reporter-output>
        </test-method> <!-- takeScreenshotForFailedTest -->
        <test-method is-config="true" signature="clearObjOFPom()[pri:0, instance:testPack.VerifyHeaderTabs@7fee8714]" started-at="2022-03-27T21:09:08 IST" name="clearObjOFPom" finished-at="2022-03-27T21:09:08 IST" duration-ms="0" status="PASS">
          <reporter-output>
          </reporter-output>
        </test-method> <!-- clearObjOFPom -->
        <test-method is-config="true" signature="closeBrowser()[pri:0, instance:testPack.VerifyHeaderTabs@7fee8714]" started-at="2022-03-27T21:09:08 IST" name="closeBrowser" finished-at="2022-03-27T21:09:10 IST" duration-ms="1321" status="PASS">
          <reporter-output>
          </reporter-output>
        </test-method> <!-- closeBrowser -->
      </class> <!-- testPack.VerifyHeaderTabs -->
      <class name="testPack.VerifyUserCreated">
        <test-method is-config="true" signature="launchBrowser(java.lang.String)[pri:0, instance:testPack.VerifyUserCreated@47987356]" started-at="2022-03-27T21:08:54 IST" name="launchBrowser" finished-at="2022-03-27T21:08:55 IST" duration-ms="1328" status="PASS">
          <params>
            <param index="0">
              <value>
                <![CDATA[chrome]]>
              </value>
            </param>
          </params>
          <reporter-output>
          </reporter-output>
        </test-method> <!-- launchBrowser -->
        <test-method is-config="true" signature="createObjectOfPOM()[pri:0, instance:testPack.VerifyUserCreated@47987356]" started-at="2022-03-27T21:08:55 IST" name="createObjectOfPOM" finished-at="2022-03-27T21:08:55 IST" duration-ms="87" status="PASS">
          <reporter-output>
          </reporter-output>
        </test-method> <!-- createObjectOfPOM -->
        <test-method is-config="true" signature="logInToApplication()[pri:0, instance:testPack.VerifyUserCreated@47987356]" started-at="2022-03-27T21:08:55 IST" name="logInToApplication" finished-at="2022-03-27T21:09:05 IST" duration-ms="9953" status="PASS">
          <reporter-output>
          </reporter-output>
        </test-method> <!-- logInToApplication -->
        <test-method signature="custemerName()[pri:0, instance:testPack.VerifyUserCreated@47987356]" started-at="2022-03-27T21:09:05 IST" name="custemerName" finished-at="2022-03-27T21:09:05 IST" duration-ms="240" status="PASS">
          <reporter-output>
          </reporter-output>
        </test-method> <!-- custemerName -->
        <test-method is-config="true" signature="takeScreenshotForFailedTest(org.testng.ITestResult)[pri:0, instance:testPack.VerifyUserCreated@47987356]" started-at="2022-03-27T21:09:05 IST" name="takeScreenshotForFailedTest" finished-at="2022-03-27T21:09:06 IST" duration-ms="381" status="PASS">
          <params>
            <param index="0">
              <value>
                <![CDATA[[TestResult name=custemerName status=SUCCESS method=VerifyUserCreated.custemerName()[pri:0, instance:testPack.VerifyUserCreated@47987356] output={null}]]]>
              </value>
            </param>
          </params>
          <reporter-output>
          </reporter-output>
        </test-method> <!-- takeScreenshotForFailedTest -->
        <test-method is-config="true" signature="clearObjOFPom()[pri:0, instance:testPack.VerifyUserCreated@47987356]" started-at="2022-03-27T21:09:06 IST" name="clearObjOFPom" finished-at="2022-03-27T21:09:06 IST" duration-ms="3" status="PASS">
          <reporter-output>
          </reporter-output>
        </test-method> <!-- clearObjOFPom -->
        <test-method is-config="true" signature="closeBrowser()[pri:0, instance:testPack.VerifyUserCreated@47987356]" started-at="2022-03-27T21:09:10 IST" name="closeBrowser" finished-at="2022-03-27T21:09:11 IST" duration-ms="1297" status="PASS">
          <reporter-output>
          </reporter-output>
        </test-method> <!-- closeBrowser -->
      </class> <!-- testPack.VerifyUserCreated -->
    </test> <!-- chromeTest -->
    <test started-at="2022-03-27T21:09:11 IST" name="FirefoxTest" finished-at="2022-03-27T21:09:38 IST" duration-ms="27292">
      <class name="testPack.VerifyHeaderTabs">
        <test-method is-config="true" signature="launchBrowser(java.lang.String)[pri:0, instance:testPack.VerifyHeaderTabs@32502377]" started-at="2022-03-27T21:09:11 IST" name="launchBrowser" finished-at="2022-03-27T21:09:16 IST" duration-ms="5117" status="PASS">
          <params>
            <param index="0">
              <value>
                <![CDATA[firefox]]>
              </value>
            </param>
          </params>
          <reporter-output>
          </reporter-output>
        </test-method> <!-- launchBrowser -->
        <test-method is-config="true" signature="createObjectOfPOM()[pri:0, instance:testPack.VerifyHeaderTabs@32502377]" started-at="2022-03-27T21:09:22 IST" name="createObjectOfPOM" finished-at="2022-03-27T21:09:22 IST" duration-ms="2" status="PASS">
          <reporter-output>
          </reporter-output>
        </test-method> <!-- createObjectOfPOM -->
        <test-method is-config="true" signature="logInToApplication()[pri:0, instance:testPack.VerifyHeaderTabs@32502377]" started-at="2022-03-27T21:09:22 IST" name="logInToApplication" finished-at="2022-03-27T21:09:25 IST" duration-ms="3262" status="PASS">
          <reporter-output>
          </reporter-output>
        </test-method> <!-- logInToApplication -->
        <test-method signature="verifyTaskTab()[pri:0, instance:testPack.VerifyHeaderTabs@32502377]" started-at="2022-03-27T21:09:25 IST" name="verifyTaskTab" finished-at="2022-03-27T21:09:29 IST" duration-ms="4037" status="PASS">
          <reporter-output>
          </reporter-output>
        </test-method> <!-- verifyTaskTab -->
        <test-method is-config="true" signature="takeScreenshotForFailedTest(org.testng.ITestResult)[pri:0, instance:testPack.VerifyHeaderTabs@32502377]" started-at="2022-03-27T21:09:29 IST" name="takeScreenshotForFailedTest" finished-at="2022-03-27T21:09:29 IST" duration-ms="559" status="PASS">
          <params>
            <param index="0">
              <value>
                <![CDATA[[TestResult name=verifyTaskTab status=SUCCESS method=VerifyHeaderTabs.verifyTaskTab()[pri:0, instance:testPack.VerifyHeaderTabs@32502377] output={null}]]]>
              </value>
            </param>
          </params>
          <reporter-output>
          </reporter-output>
        </test-method> <!-- takeScreenshotForFailedTest -->
        <test-method is-config="true" signature="logInToApplication()[pri:0, instance:testPack.VerifyHeaderTabs@32502377]" started-at="2022-03-27T21:09:29 IST" name="logInToApplication" finished-at="2022-03-27T21:09:31 IST" duration-ms="1832" status="PASS">
          <reporter-output>
          </reporter-output>
        </test-method> <!-- logInToApplication -->
        <test-method signature="verifyTimeTrackTab()[pri:0, instance:testPack.VerifyHeaderTabs@32502377]" started-at="2022-03-27T21:09:31 IST" name="verifyTimeTrackTab" finished-at="2022-03-27T21:09:34 IST" duration-ms="2503" status="FAIL">
          <exception class="java.lang.AssertionError">
            <message>
              <![CDATA[expected [http://localhost/user/submit_tt.] but found [http://localhost/user/submit_tt.do]]]>
            </message>
            <full-stacktrace>
              <![CDATA[java.lang.AssertionError: expected [http://localhost/user/submit_tt.] but found [http://localhost/user/submit_tt.do]
at org.testng.Assert.fail(Assert.java:99)
at org.testng.Assert.failNotEquals(Assert.java:1037)
at org.testng.Assert.assertEqualsImpl(Assert.java:140)
at org.testng.Assert.assertEquals(Assert.java:122)
at org.testng.Assert.assertEquals(Assert.java:629)
at org.testng.Assert.assertEquals(Assert.java:639)
at testPack.VerifyHeaderTabs.verifyTimeTrackTab(VerifyHeaderTabs.java:96)
at java.base/jdk.internal.reflect.NativeMethodAccessorImpl.invoke0(Native Method)
at java.base/jdk.internal.reflect.NativeMethodAccessorImpl.invoke(NativeMethodAccessorImpl.java:77)
at java.base/jdk.internal.reflect.DelegatingMethodAccessorImpl.invoke(DelegatingMethodAccessorImpl.java:43)
at java.base/java.lang.reflect.Method.invoke(Method.java:568)
at org.testng.internal.MethodInvocationHelper.invokeMethod(MethodInvocationHelper.java:133)
at org.testng.internal.TestInvoker.invokeMethod(TestInvoker.java:598)
at org.testng.internal.TestInvoker.invokeTestMethod(TestInvoker.java:173)
at org.testng.internal.MethodRunner.runInSequence(MethodRunner.java:46)
at org.testng.internal.TestInvoker$MethodInvocationAgent.invoke(TestInvoker.java:824)
at org.testng.internal.TestInvoker.invokeTestMethods(TestInvoker.java:146)
at org.testng.internal.TestMethodWorker.invokeTestMethods(TestMethodWorker.java:146)
at org.testng.internal.TestMethodWorker.run(TestMethodWorker.java:128)
at java.base/java.util.concurrent.ThreadPoolExecutor.runWorker(ThreadPoolExecutor.java:1136)
at java.base/java.util.concurrent.ThreadPoolExecutor$Worker.run(ThreadPoolExecutor.java:635)
at java.base/java.lang.Thread.run(Thread.java:833)
]]>
            </full-stacktrace>
          </exception> <!-- java.lang.AssertionError -->
          <reporter-output>
          </reporter-output>
        </test-method> <!-- verifyTimeTrackTab -->
        <test-method is-config="true" signature="takeScreenshotForFailedTest(org.testng.ITestResult)[pri:0, instance:testPack.VerifyHeaderTabs@32502377]" started-at="2022-03-27T21:09:34 IST" name="takeScreenshotForFailedTest" finished-at="2022-03-27T21:09:35 IST" duration-ms="796" status="PASS">
          <params>
            <param index="0">
              <value>
                <![CDATA[[TestResult name=verifyTimeTrackTab status=FAILURE method=VerifyHeaderTabs.verifyTimeTrackTab()[pri:0, instance:testPack.VerifyHeaderTabs@32502377] output={null}]]]>
              </value>
            </param>
          </params>
          <reporter-output>
          </reporter-output>
        </test-method> <!-- takeScreenshotForFailedTest -->
        <test-method is-config="true" signature="clearObjOFPom()[pri:0, instance:testPack.VerifyHeaderTabs@32502377]" started-at="2022-03-27T21:09:35 IST" name="clearObjOFPom" finished-at="2022-03-27T21:09:35 IST" duration-ms="1" status="PASS">
          <reporter-output>
          </reporter-output>
        </test-method> <!-- clearObjOFPom -->
        <test-method is-config="true" signature="closeBrowser()[pri:0, instance:testPack.VerifyHeaderTabs@32502377]" started-at="2022-03-27T21:09:35 IST" name="closeBrowser" finished-at="2022-03-27T21:09:37 IST" duration-ms="2025" status="PASS">
          <reporter-output>
          </reporter-output>
        </test-method> <!-- closeBrowser -->
      </class> <!-- testPack.VerifyHeaderTabs -->
      <class name="testPack.VerifyUserCreated">
        <test-method is-config="true" signature="launchBrowser(java.lang.String)[pri:0, instance:testPack.VerifyUserCreated@2c1b194a]" started-at="2022-03-27T21:09:16 IST" name="launchBrowser" finished-at="2022-03-27T21:09:22 IST" duration-ms="5331" status="PASS">
          <params>
            <param index="0">
              <value>
                <![CDATA[firefox]]>
              </value>
            </param>
          </params>
          <reporter-output>
          </reporter-output>
        </test-method> <!-- launchBrowser -->
        <test-method is-config="true" signature="createObjectOfPOM()[pri:0, instance:testPack.VerifyUserCreated@2c1b194a]" started-at="2022-03-27T21:09:22 IST" name="createObjectOfPOM" finished-at="2022-03-27T21:09:22 IST" duration-ms="7" status="PASS">
          <reporter-output>
          </reporter-output>
        </test-method> <!-- createObjectOfPOM -->
        <test-method is-config="true" signature="logInToApplication()[pri:0, instance:testPack.VerifyUserCreated@2c1b194a]" started-at="2022-03-27T21:09:22 IST" name="logInToApplication" finished-at="2022-03-27T21:09:26 IST" duration-ms="4170" status="PASS">
          <reporter-output>
          </reporter-output>
        </test-method> <!-- logInToApplication -->
        <test-method signature="custemerName()[pri:0, instance:testPack.VerifyUserCreated@2c1b194a]" started-at="2022-03-27T21:09:26 IST" name="custemerName" finished-at="2022-03-27T21:09:26 IST" duration-ms="311" status="PASS">
          <reporter-output>
          </reporter-output>
        </test-method> <!-- custemerName -->
        <test-method is-config="true" signature="takeScreenshotForFailedTest(org.testng.ITestResult)[pri:0, instance:testPack.VerifyUserCreated@2c1b194a]" started-at="2022-03-27T21:09:26 IST" name="takeScreenshotForFailedTest" finished-at="2022-03-27T21:09:26 IST" duration-ms="409" status="PASS">
          <params>
            <param index="0">
              <value>
                <![CDATA[[TestResult name=custemerName status=SUCCESS method=VerifyUserCreated.custemerName()[pri:0, instance:testPack.VerifyUserCreated@2c1b194a] output={null}]]]>
              </value>
            </param>
          </params>
          <reporter-output>
          </reporter-output>
        </test-method> <!-- takeScreenshotForFailedTest -->
        <test-method is-config="true" signature="clearObjOFPom()[pri:0, instance:testPack.VerifyUserCreated@2c1b194a]" started-at="2022-03-27T21:09:26 IST" name="clearObjOFPom" finished-at="2022-03-27T21:09:26 IST" duration-ms="0" status="PASS">
          <reporter-output>
          </reporter-output>
        </test-method> <!-- clearObjOFPom -->
        <test-method is-config="true" signature="closeBrowser()[pri:0, instance:testPack.VerifyUserCreated@2c1b194a]" started-at="2022-03-27T21:09:37 IST" name="closeBrowser" finished-at="2022-03-27T21:09:38 IST" duration-ms="1816" status="PASS">
          <reporter-output>
          </reporter-output>
        </test-method> <!-- closeBrowser -->
      </class> <!-- testPack.VerifyUserCreated -->
    </test> <!-- FirefoxTest -->
  </suite> <!-- Suite -->
</testng-results>
